<ns0:test-suite xmlns:ns0="urn:model.allure.qatools.yandex.ru" start="1521456428488" stop="1521456428514">
  <name>tests.pytest.test_task_87</name>
  <labels/>
  <test-cases>
    <test-case start="1521456428488" status="passed" stop="1521456428490">
      <name>test_natural_number_suitable_args[1234-2-7]</name>
      <attachments>
        <attachment source="42880fa9-bd04-4662-a6ed-07c14017fd66-attachment.txt" title="my attach" type="text/plain"/>
      </attachments>
      <labels>
        <label name="severity" value="minor"/>
        <label name="thread" value="12176-MainThread"/>
        <label name="host" value="zoe-HP-ProBook-4540s"/>
        <label name="framework" value="pytest"/>
        <label name="language" value="cpython3"/>
      </labels>
      <steps>
        <step start="1521456428489" status="passed" stop="1521456428489">
          <name>step one</name>
          <title>step one</title>
          <attachments>
            <attachment source="7cd4c777-e946-4521-b3a4-c84a627d4c91-attachment.jpg" title="screenshot" type="image/jpg"/>
          </attachments>
          <steps/>
        </step>
        <step start="1521456428489" status="passed" stop="1521456428489">
          <name>step two</name>
          <title>step two</title>
          <attachments/>
          <steps/>
        </step>
      </steps>
    </test-case>
    <test-case start="1521456428491" status="passed" stop="1521456428492">
      <name>test_natural_number_suitable_args[7200-2-0]</name>
      <attachments>
        <attachment source="b6fad7d8-a7ab-46e5-bdfb-d84fc4d74370-attachment.txt" title="my attach" type="text/plain"/>
      </attachments>
      <labels>
        <label name="severity" value="minor"/>
        <label name="thread" value="12176-MainThread"/>
        <label name="host" value="zoe-HP-ProBook-4540s"/>
        <label name="framework" value="pytest"/>
        <label name="language" value="cpython3"/>
      </labels>
      <steps>
        <step start="1521456428492" status="passed" stop="1521456428492">
          <name>step one</name>
          <title>step one</title>
          <attachments>
            <attachment source="fe9fae9a-47f5-4384-876a-36138a39f0f3-attachment.jpg" title="screenshot" type="image/jpg"/>
          </attachments>
          <steps/>
        </step>
        <step start="1521456428492" status="passed" stop="1521456428492">
          <name>step two</name>
          <title>step two</title>
          <attachments/>
          <steps/>
        </step>
      </steps>
    </test-case>
    <test-case start="1521456428493" status="passed" stop="1521456428494">
      <name>test_natural_number_suitable_args[1510-0-0]</name>
      <attachments>
        <attachment source="d04aecc4-ede5-4448-a4b2-32831059c921-attachment.txt" title="my attach" type="text/plain"/>
      </attachments>
      <labels>
        <label name="severity" value="minor"/>
        <label name="thread" value="12176-MainThread"/>
        <label name="host" value="zoe-HP-ProBook-4540s"/>
        <label name="framework" value="pytest"/>
        <label name="language" value="cpython3"/>
      </labels>
      <steps>
        <step start="1521456428494" status="passed" stop="1521456428494">
          <name>step one</name>
          <title>step one</title>
          <attachments>
            <attachment source="483eace3-8016-413b-9bef-3f8867128b05-attachment.jpg" title="screenshot" type="image/jpg"/>
          </attachments>
          <steps/>
        </step>
        <step start="1521456428494" status="passed" stop="1521456428494">
          <name>step two</name>
          <title>step two</title>
          <attachments/>
          <steps/>
        </step>
      </steps>
    </test-case>
    <test-case start="1521456428495" status="passed" stop="1521456428497">
      <name>test_natural_number_suitable_args[1-4-1]</name>
      <attachments>
        <attachment source="054517e5-9815-4ac8-ae02-4f5701d8d554-attachment.txt" title="my attach" type="text/plain"/>
      </attachments>
      <labels>
        <label name="severity" value="minor"/>
        <label name="thread" value="12176-MainThread"/>
        <label name="host" value="zoe-HP-ProBook-4540s"/>
        <label name="framework" value="pytest"/>
        <label name="language" value="cpython3"/>
      </labels>
      <steps>
        <step start="1521456428496" status="passed" stop="1521456428496">
          <name>step one</name>
          <title>step one</title>
          <attachments>
            <attachment source="d1db0b23-4585-458d-ac31-99f14b26edc9-attachment.jpg" title="screenshot" type="image/jpg"/>
          </attachments>
          <steps/>
        </step>
        <step start="1521456428496" status="passed" stop="1521456428496">
          <name>step two</name>
          <title>step two</title>
          <attachments/>
          <steps/>
        </step>
      </steps>
    </test-case>
    <test-case start="1521456428498" status="passed" stop="1521456428499">
      <name>test_natural_number_suitable_args[815-4-14]</name>
      <attachments>
        <attachment source="e7eaba51-8bb3-44d4-82d8-ccdbecafac45-attachment.txt" title="my attach" type="text/plain"/>
      </attachments>
      <labels>
        <label name="severity" value="minor"/>
        <label name="thread" value="12176-MainThread"/>
        <label name="host" value="zoe-HP-ProBook-4540s"/>
        <label name="framework" value="pytest"/>
        <label name="language" value="cpython3"/>
      </labels>
      <steps>
        <step start="1521456428499" status="passed" stop="1521456428499">
          <name>step one</name>
          <title>step one</title>
          <attachments>
            <attachment source="bfda53e8-8532-497b-95a6-afb1a84b0078-attachment.jpg" title="screenshot" type="image/jpg"/>
          </attachments>
          <steps/>
        </step>
        <step start="1521456428499" status="passed" stop="1521456428499">
          <name>step two</name>
          <title>step two</title>
          <attachments/>
          <steps/>
        </step>
      </steps>
    </test-case>
    <test-case start="1521456428500" status="canceled" stop="1521456428501">
      <name>test_natural_number_unsuitable_args[-1234-2]</name>
      <failure>
        <message>Skipped: unconditional skip</message>
        <stack-trace></stack-trace>
      </failure>
      <attachments/>
      <labels>
        <label name="severity" value="normal"/>
        <label name="thread" value="12176-MainThread"/>
        <label name="host" value="zoe-HP-ProBook-4540s"/>
        <label name="framework" value="pytest"/>
        <label name="language" value="cpython3"/>
      </labels>
      <steps/>
    </test-case>
    <test-case start="1521456428501" status="canceled" stop="1521456428502">
      <name>test_natural_number_unsuitable_args[557--1]</name>
      <failure>
        <message>Skipped: unconditional skip</message>
        <stack-trace></stack-trace>
      </failure>
      <attachments/>
      <labels>
        <label name="severity" value="normal"/>
        <label name="thread" value="12176-MainThread"/>
        <label name="host" value="zoe-HP-ProBook-4540s"/>
        <label name="framework" value="pytest"/>
        <label name="language" value="cpython3"/>
      </labels>
      <steps/>
    </test-case>
    <test-case start="1521456428502" status="canceled" stop="1521456428503">
      <name>test_natural_number_unsuitable_args[5.57-2]</name>
      <failure>
        <message>Skipped: unconditional skip</message>
        <stack-trace></stack-trace>
      </failure>
      <attachments/>
      <labels>
        <label name="severity" value="normal"/>
        <label name="thread" value="12176-MainThread"/>
        <label name="host" value="zoe-HP-ProBook-4540s"/>
        <label name="framework" value="pytest"/>
        <label name="language" value="cpython3"/>
      </labels>
      <steps/>
    </test-case>
    <test-case start="1521456428503" status="canceled" stop="1521456428504">
      <name>test_natural_number_unsuitable_args[3967-8.9]</name>
      <failure>
        <message>Skipped: unconditional skip</message>
        <stack-trace></stack-trace>
      </failure>
      <attachments/>
      <labels>
        <label name="severity" value="normal"/>
        <label name="thread" value="12176-MainThread"/>
        <label name="host" value="zoe-HP-ProBook-4540s"/>
        <label name="framework" value="pytest"/>
        <label name="language" value="cpython3"/>
      </labels>
      <steps/>
    </test-case>
    <test-case start="1521456428504" status="passed" stop="1521456428506">
      <name>test_natural_number_str_args[-4]</name>
      <attachments/>
      <labels>
        <label name="severity" value="normal"/>
        <label name="thread" value="12176-MainThread"/>
        <label name="host" value="zoe-HP-ProBook-4540s"/>
        <label name="framework" value="pytest"/>
        <label name="language" value="cpython3"/>
      </labels>
      <steps/>
    </test-case>
    <test-case start="1521456428506" status="passed" stop="1521456428507">
      <name>test_natural_number_str_args[5dssa6578-4]</name>
      <attachments/>
      <labels>
        <label name="severity" value="normal"/>
        <label name="thread" value="12176-MainThread"/>
        <label name="host" value="zoe-HP-ProBook-4540s"/>
        <label name="framework" value="pytest"/>
        <label name="language" value="cpython3"/>
      </labels>
      <steps/>
    </test-case>
    <test-case start="1521456428508" status="passed" stop="1521456428509">
      <name>test_natural_number_str_args[8569-]</name>
      <attachments/>
      <labels>
        <label name="severity" value="normal"/>
        <label name="thread" value="12176-MainThread"/>
        <label name="host" value="zoe-HP-ProBook-4540s"/>
        <label name="framework" value="pytest"/>
        <label name="language" value="cpython3"/>
      </labels>
      <steps/>
    </test-case>
    <test-case start="1521456428510" status="passed" stop="1521456428511">
      <name>test_natural_number_str_args[8569-3]</name>
      <attachments/>
      <labels>
        <label name="severity" value="normal"/>
        <label name="thread" value="12176-MainThread"/>
        <label name="host" value="zoe-HP-ProBook-4540s"/>
        <label name="framework" value="pytest"/>
        <label name="language" value="cpython3"/>
      </labels>
      <steps/>
    </test-case>
    <test-case start="1521456428512" status="passed" stop="1521456428514">
      <name>test_natural_number_str_args[d5fd5fd5-t5]</name>
      <attachments/>
      <labels>
        <label name="severity" value="normal"/>
        <label name="thread" value="12176-MainThread"/>
        <label name="host" value="zoe-HP-ProBook-4540s"/>
        <label name="framework" value="pytest"/>
        <label name="language" value="cpython3"/>
      </labels>
      <steps/>
    </test-case>
  </test-cases>
</ns0:test-suite>
