<?xml version="1.0" encoding="utf-8"?><testsuite errors="0" failures="0" name="pytest" skips="0" tests="35" time="0.223"><testcase classname="test_pytest_task_182" file="test_pytest_task_182.py" line="12" name="test_sum_div5_notdiv7" time="0.006000518798828125"><system-out>start
end
</system-out></testcase><testcase classname="test_pytest_task_182" file="test_pytest_task_182.py" line="15" name="test_sum_div5_notdiv7_errors" time="0.0009999275207519531"></testcase><testcase classname="test_pytest_task_182" file="test_pytest_task_182.py" line="20" name="test_sum_div5_notdiv7_errors2" time="0.002000093460083008"></testcase><testcase classname="test_pytest_task_182" file="test_pytest_task_182.py" line="25" name="test_sum_div5_notdiv7_errors3" time="0.0019998550415039062"></testcase><testcase classname="test_pytest_task_241" file="test_pytest_task_241.py" line="4" name="test_difficult_formula" time="0.012000560760498047"></testcase><testcase classname="test_pytest_task_241" file="test_pytest_task_241.py" line="7" name="test_difficult_formula_for_errors" time="0.0009999275207519531"></testcase><testcase classname="test_pytest_task_241" file="test_pytest_task_241.py" line="12" name="test_validate_values" time="0.0009999275207519531"></testcase><testcase classname="test_pytest_task_241" file="test_pytest_task_241.py" line="16" name="test_validate_values_for_errors" time="0.0009999275207519531"></testcase><testcase classname="test_pytest_task_241" file="test_pytest_task_241.py" line="21" name="test_validate_values_for_errors2" time="0.0"></testcase><testcase classname="test_pytest_task_332" file="test_pytest_task_332.py" line="4" name="test_lagrange[123-expected0]" time="0.002000093460083008"></testcase><testcase classname="test_pytest_task_332" file="test_pytest_task_332.py" line="4" name="test_lagrange[100-expected1]" time="0.005000591278076172"></testcase><testcase classname="test_pytest_task_332" file="test_pytest_task_332.py" line="4" name="test_lagrange[7398-expected2]" time="0.0010001659393310547"></testcase><testcase classname="test_pytest_task_332" file="test_pytest_task_332.py" line="10" name="test_lagrange_for_errors" time="0.0010001659393310547"></testcase><testcase classname="test_pytest_task_332" file="test_pytest_task_332.py" line="15" name="test_lagrange_for_errors2" time="0.002000093460083008"></testcase><testcase classname="test_pytest_task_332" file="test_pytest_task_332.py" line="20" name="test_lagrange_for_errors3" time="0.002000093460083008"></testcase><testcase classname="test_pytest_task_568" file="test_pytest_task_568.py" line="4" name="test_find_subset[-10--35]" time="0.002000093460083008"></testcase><testcase classname="test_pytest_task_568" file="test_pytest_task_568.py" line="4" name="test_find_subset[-5--33]" time="0.0009999275207519531"></testcase><testcase classname="test_pytest_task_568" file="test_pytest_task_568.py" line="4" name="test_find_subset[0-123456789]" time="0.0010001659393310547"></testcase><testcase classname="test_pytest_task_568" file="test_pytest_task_568.py" line="4" name="test_find_subset[5-3456788]" time="0.002000093460083008"></testcase><testcase classname="test_pytest_task_568" file="test_pytest_task_568.py" line="15" name="test_find_subset_for_errors" time="0.0010001659393310547"></testcase><testcase classname="test_pytest_task_568" file="test_pytest_task_568.py" line="20" name="test_single_solution[123-1+23+4+5-6+7+89]" time="0.004000425338745117"></testcase><testcase classname="test_pytest_task_568" file="test_pytest_task_568.py" line="20" name="test_single_solution[57-1+2-3-45+6+7+89]" time="0.005000114440917969"></testcase><testcase classname="test_pytest_task_568" file="test_pytest_task_568.py" line="20" name="test_single_solution[1-1+23-45-67+89]" time="0.004000425338745117"></testcase><testcase classname="test_pytest_task_568" file="test_pytest_task_568.py" line="26" name="test_single_solution_for_invalid[qwerty-Invalid input. Please write correct natural number]" time="0.002000093460083008"></testcase><testcase classname="test_pytest_task_568" file="test_pytest_task_568.py" line="26" name="test_single_solution_for_invalid[123456-No possible solutions]" time="0.024001359939575195"></testcase><testcase classname="test_pytest_task_88d" file="test_pytest_task_88d.py" line="13" name="test_one_bounds[for0]" time="0.002000093460083008"></testcase><testcase classname="test_pytest_task_88d" file="test_pytest_task_88d.py" line="13" name="test_one_bounds[for5]" time="0.0010001659393310547"></testcase><testcase classname="test_pytest_task_88d" file="test_pytest_task_88d.py" line="13" name="test_one_bounds[for10]" time="0.0009999275207519531"></testcase><testcase classname="test_pytest_task_88d" file="test_pytest_task_88d.py" line="13" name="test_one_bounds[for15]" time="0.007000446319580078"></testcase><testcase classname="test_pytest_task_88d" file="test_pytest_task_88d.py" line="20" name="test_one_bounds_for_error" time="0.002000093460083008"></testcase><testcase classname="test_pytest_task_88d" file="test_pytest_task_88d.py" line="25" name="test_one_bounds_for_error2" time="0.0009999275207519531"></testcase><testcase classname="test_pytest_task_88d" file="test_pytest_task_88d.py" line="30" name="test_validate" time="0.0009999275207519531"></testcase><testcase classname="test_pytest_task_88d" file="test_pytest_task_88d.py" line="33" name="test_validate_for_invalid[for_string]" time="0.0009999275207519531"></testcase><testcase classname="test_pytest_task_88d" file="test_pytest_task_88d.py" line="33" name="test_validate_for_invalid[for_dict]" time="0.0009999275207519531"></testcase><testcase classname="test_pytest_task_88d" file="test_pytest_task_88d.py" line="33" name="test_validate_for_invalid[for_list]" time="0.0010004043579101562"></testcase></testsuite>